2020-07-20 13:13:54.062  INFO 5940 --- [main] c.k.f.FlightreservationApplication       : Starting FlightreservationApplication on Kripa with PID 5940 (C:\Users\kripa\OneDrive\Desktop\Project\flightreservation\target\classes started by kripa in C:\Users\kripa\OneDrive\Desktop\Project\flightreservation)
2020-07-20 13:13:54.065  INFO 5940 --- [main] c.k.f.FlightreservationApplication       : No active profile set, falling back to default profiles: default
2020-07-20 13:13:54.615  INFO 5940 --- [main] .s.d.r.c.RepositoryConfigurationDelegate : Bootstrapping Spring Data JPA repositories in DEFERRED mode.
2020-07-20 13:13:54.700  INFO 5940 --- [main] .s.d.r.c.RepositoryConfigurationDelegate : Finished Spring Data repository scanning in 78ms. Found 4 JPA repository interfaces.
2020-07-20 13:13:55.943  INFO 5940 --- [main] o.s.b.w.embedded.tomcat.TomcatWebServer  : Tomcat initialized with port(s): 8080 (http)
2020-07-20 13:13:55.957  INFO 5940 --- [main] o.apache.catalina.core.StandardService   : Starting service [Tomcat]
2020-07-20 13:13:55.958  INFO 5940 --- [main] org.apache.catalina.core.StandardEngine  : Starting Servlet engine: [Apache Tomcat/9.0.36]
2020-07-20 13:13:56.550  INFO 5940 --- [main] org.apache.jasper.servlet.TldScanner     : At least one JAR was scanned for TLDs yet contained no TLDs. Enable debug logging for this logger for a complete list of JARs that were scanned but no TLDs were found in them. Skipping unneeded JARs during scanning can improve startup time and JSP compilation time.
2020-07-20 13:13:56.568  INFO 5940 --- [main] o.a.c.c.C.[.[.[/flightreservation]       : Initializing Spring embedded WebApplicationContext
2020-07-20 13:13:56.569  INFO 5940 --- [main] w.s.c.ServletWebServerApplicationContext : Root WebApplicationContext: initialization completed in 2473 ms
2020-07-20 13:13:56.861  INFO 5940 --- [main] o.s.s.concurrent.ThreadPoolTaskExecutor  : Initializing ExecutorService 'applicationTaskExecutor'
2020-07-20 13:13:56.878  INFO 5940 --- [main] com.zaxxer.hikari.HikariDataSource       : HikariPool-1 - Starting...
2020-07-20 13:13:57.084  INFO 5940 --- [main] com.zaxxer.hikari.HikariDataSource       : HikariPool-1 - Start completed.
2020-07-20 13:13:57.171  INFO 5940 --- [task-1] o.hibernate.jpa.internal.util.LogHelper  : HHH000204: Processing PersistenceUnitInfo [name: default]
2020-07-20 13:13:57.271  INFO 5940 --- [task-1] org.hibernate.Version                    : HHH000412: Hibernate ORM core version 5.4.17.Final
2020-07-20 13:13:57.293  WARN 5940 --- [main] JpaBaseConfiguration$JpaWebConfiguration : spring.jpa.open-in-view is enabled by default. Therefore, database queries may be performed during view rendering. Explicitly configure spring.jpa.open-in-view to disable this warning
2020-07-20 13:13:57.493  INFO 5940 --- [task-1] o.hibernate.annotations.common.Version   : HCANN000001: Hibernate Commons Annotations {5.1.0.Final}
2020-07-20 13:13:57.647  INFO 5940 --- [main] o.s.b.a.w.s.WelcomePageHandlerMapping    : Adding welcome page: ServletContext resource [/index.html]
2020-07-20 13:13:57.721  INFO 5940 --- [task-1] org.hibernate.dialect.Dialect            : HHH000400: Using dialect: org.hibernate.dialect.MySQL8Dialect
2020-07-20 13:13:57.837  INFO 5940 --- [main] o.s.b.w.embedded.tomcat.TomcatWebServer  : Tomcat started on port(s): 8080 (http) with context path '/flightreservation'
2020-07-20 13:13:57.839  INFO 5940 --- [main] DeferredRepositoryInitializationListener : Triggering deferred initialization of Spring Data repositories…
2020-07-20 13:13:58.213  INFO 5940 --- [task-1] o.h.e.t.j.p.i.JtaPlatformInitiator       : HHH000490: Using JtaPlatform implementation: [org.hibernate.engine.transaction.jta.platform.internal.NoJtaPlatform]
2020-07-20 13:13:58.219  INFO 5940 --- [task-1] j.LocalContainerEntityManagerFactoryBean : Initialized JPA EntityManagerFactory for persistence unit 'default'
2020-07-20 13:13:58.484  INFO 5940 --- [main] DeferredRepositoryInitializationListener : Spring Data repositories initialized!
2020-07-20 13:13:58.490  INFO 5940 --- [main] c.k.f.FlightreservationApplication       : Started FlightreservationApplication in 4.698 seconds (JVM running for 5.57)
2020-07-20 13:14:01.469  INFO 5940 --- [http-nio-8080-exec-1] o.a.c.c.C.[.[.[/flightreservation]       : Initializing Spring DispatcherServlet 'dispatcherServlet'
2020-07-20 13:14:01.469  INFO 5940 --- [http-nio-8080-exec-1] o.s.web.servlet.DispatcherServlet        : Initializing Servlet 'dispatcherServlet'
2020-07-20 13:14:01.475  INFO 5940 --- [http-nio-8080-exec-1] o.s.web.servlet.DispatcherServlet        : Completed initialization in 6 ms
2020-07-20 13:14:01.490  INFO 5940 --- [http-nio-8080-exec-1] c.k.f.controller.UserController          : Inside showLoginPage()
2020-07-20 13:14:02.238  WARN 5940 --- [http-nio-8080-exec-1] o.a.c.util.SessionIdGeneratorBase        : Creation of SecureRandom instance for session ID generation using [SHA1PRNG] took [267] milliseconds.
2020-07-20 13:14:08.309  INFO 5940 --- [http-nio-8080-exec-2] c.k.f.controller.UserController          : Inside Login() and the email is kthapa
2020-07-20 13:17:05.372  INFO 5940 --- [RMI TCP Connection(11)-127.0.0.1] inMXBeanRegistrar$SpringApplicationAdmin : Application shutdown requested.
2020-07-20 13:17:05.649  INFO 5940 --- [RMI TCP Connection(11)-127.0.0.1] j.LocalContainerEntityManagerFactoryBean : Closing JPA EntityManagerFactory for persistence unit 'default'
2020-07-20 13:17:05.651  INFO 5940 --- [RMI TCP Connection(11)-127.0.0.1] o.s.s.concurrent.ThreadPoolTaskExecutor  : Shutting down ExecutorService 'applicationTaskExecutor'
2020-07-20 13:17:05.652  INFO 5940 --- [RMI TCP Connection(11)-127.0.0.1] com.zaxxer.hikari.HikariDataSource       : HikariPool-1 - Shutdown initiated...
2020-07-20 13:17:05.664  INFO 5940 --- [RMI TCP Connection(11)-127.0.0.1] com.zaxxer.hikari.HikariDataSource       : HikariPool-1 - Shutdown completed.
2020-07-20 13:17:23.542  INFO 9292 --- [main] c.k.f.FlightreservationApplication       : Starting FlightreservationApplication on Kripa with PID 9292 (C:\Users\kripa\OneDrive\Desktop\Project\flightreservation\target\classes started by kripa in C:\Users\kripa\OneDrive\Desktop\Project\flightreservation)
2020-07-20 13:17:23.544  INFO 9292 --- [main] c.k.f.FlightreservationApplication       : No active profile set, falling back to default profiles: default
2020-07-20 13:17:24.099  INFO 9292 --- [main] .s.d.r.c.RepositoryConfigurationDelegate : Bootstrapping Spring Data JPA repositories in DEFERRED mode.
2020-07-20 13:17:24.164  INFO 9292 --- [main] .s.d.r.c.RepositoryConfigurationDelegate : Finished Spring Data repository scanning in 58ms. Found 4 JPA repository interfaces.
2020-07-20 13:17:24.536  INFO 9292 --- [main] o.s.b.w.embedded.tomcat.TomcatWebServer  : Tomcat initialized with port(s): 8080 (http)
2020-07-20 13:17:24.542  INFO 9292 --- [main] o.apache.catalina.core.StandardService   : Starting service [Tomcat]
2020-07-20 13:17:24.542  INFO 9292 --- [main] org.apache.catalina.core.StandardEngine  : Starting Servlet engine: [Apache Tomcat/9.0.36]
2020-07-20 13:17:24.804  INFO 9292 --- [main] org.apache.jasper.servlet.TldScanner     : At least one JAR was scanned for TLDs yet contained no TLDs. Enable debug logging for this logger for a complete list of JARs that were scanned but no TLDs were found in them. Skipping unneeded JARs during scanning can improve startup time and JSP compilation time.
2020-07-20 13:17:24.813  INFO 9292 --- [main] o.a.c.c.C.[.[.[/flightreservation]       : Initializing Spring embedded WebApplicationContext
2020-07-20 13:17:24.813  INFO 9292 --- [main] w.s.c.ServletWebServerApplicationContext : Root WebApplicationContext: initialization completed in 1240 ms
2020-07-20 13:17:24.936  INFO 9292 --- [main] o.s.s.concurrent.ThreadPoolTaskExecutor  : Initializing ExecutorService 'applicationTaskExecutor'
2020-07-20 13:17:24.944  INFO 9292 --- [main] com.zaxxer.hikari.HikariDataSource       : HikariPool-1 - Starting...
2020-07-20 13:17:25.047  INFO 9292 --- [main] com.zaxxer.hikari.HikariDataSource       : HikariPool-1 - Start completed.
2020-07-20 13:17:25.100  INFO 9292 --- [task-1] o.hibernate.jpa.internal.util.LogHelper  : HHH000204: Processing PersistenceUnitInfo [name: default]
2020-07-20 13:17:25.166  INFO 9292 --- [task-1] org.hibernate.Version                    : HHH000412: Hibernate ORM core version 5.4.17.Final
2020-07-20 13:17:25.183  WARN 9292 --- [main] JpaBaseConfiguration$JpaWebConfiguration : spring.jpa.open-in-view is enabled by default. Therefore, database queries may be performed during view rendering. Explicitly configure spring.jpa.open-in-view to disable this warning
2020-07-20 13:17:25.266  INFO 9292 --- [task-1] o.hibernate.annotations.common.Version   : HCANN000001: Hibernate Commons Annotations {5.1.0.Final}
2020-07-20 13:17:25.367  INFO 9292 --- [main] o.s.b.a.w.s.WelcomePageHandlerMapping    : Adding welcome page: ServletContext resource [/index.html]
2020-07-20 13:17:25.387  INFO 9292 --- [task-1] org.hibernate.dialect.Dialect            : HHH000400: Using dialect: org.hibernate.dialect.MySQL8Dialect
2020-07-20 13:17:25.636  INFO 9292 --- [main] o.s.b.w.embedded.tomcat.TomcatWebServer  : Tomcat started on port(s): 8080 (http) with context path '/flightreservation'
2020-07-20 13:17:25.640  INFO 9292 --- [main] DeferredRepositoryInitializationListener : Triggering deferred initialization of Spring Data repositories…
2020-07-20 13:17:26.432  INFO 9292 --- [task-1] o.h.e.t.j.p.i.JtaPlatformInitiator       : HHH000490: Using JtaPlatform implementation: [org.hibernate.engine.transaction.jta.platform.internal.NoJtaPlatform]
2020-07-20 13:17:26.445  INFO 9292 --- [task-1] j.LocalContainerEntityManagerFactoryBean : Initialized JPA EntityManagerFactory for persistence unit 'default'
2020-07-20 13:17:27.012  INFO 9292 --- [main] DeferredRepositoryInitializationListener : Spring Data repositories initialized!
2020-07-20 13:17:27.023  INFO 9292 --- [main] c.k.f.FlightreservationApplication       : Started FlightreservationApplication in 3.878 seconds (JVM running for 5.704)
2020-07-20 13:17:34.820  INFO 9292 --- [http-nio-8080-exec-1] o.a.c.c.C.[.[.[/flightreservation]       : Initializing Spring DispatcherServlet 'dispatcherServlet'
2020-07-20 13:17:34.820  INFO 9292 --- [http-nio-8080-exec-1] o.s.web.servlet.DispatcherServlet        : Initializing Servlet 'dispatcherServlet'
2020-07-20 13:17:34.826  INFO 9292 --- [http-nio-8080-exec-1] o.s.web.servlet.DispatcherServlet        : Completed initialization in 6 ms
2020-07-20 13:17:34.851  INFO 9292 --- [http-nio-8080-exec-1] c.k.f.controller.UserController          : Inside Login() and the email is kthapa
2020-07-20 13:17:35.588  WARN 9292 --- [http-nio-8080-exec-1] o.a.c.util.SessionIdGeneratorBase        : Creation of SecureRandom instance for session ID generation using [SHA1PRNG] took [255] milliseconds.
2020-07-20 13:17:54.811  INFO 9292 --- [http-nio-8080-exec-2] FlightController.class                   : Insie findFlights()
2020-07-20 13:17:56.623  INFO 9292 --- [http-nio-8080-exec-3] ReservationController.class              : Inside showCompleteReservation()
2020-07-20 13:18:23.159  INFO 9292 --- [http-nio-8080-exec-4] ReservationController.class              : Inside completeReservation()
2020-07-20 13:18:23.159  INFO 9292 --- [http-nio-8080-exec-4] ReservationServiceImpl.class             : Inside bookFlight()
2020-07-20 13:18:23.160  INFO 9292 --- [http-nio-8080-exec-4] ReservationServiceImpl.class             : fetching flight for flight id 3
2020-07-20 13:18:23.163  INFO 9292 --- [http-nio-8080-exec-4] ReservationServiceImpl.class             : Saving the passenger: Passenger [firstName=Kripa, lastName=Thapa, middleName=null, email=tpurpose960@gmail.com, phone=null]
2020-07-20 13:18:23.284  INFO 9292 --- [http-nio-8080-exec-4] ReservationServiceImpl.class             : Saving the Reservation: Reservation [checkedIn=false, numberOfBags=0, passenger=Passenger [firstName=Kripa, lastName=Thapa, middleName=null, email=tpurpose960@gmail.com, phone=null], flight=Flight [flightNumber=AA3, operatingAirlines=American Airlines, departureCity=AUS, arrivalCity=NYC, dateOfDeparture=2018-02-05 00:00:00.0, estimatedDepartureTime=2018-02-05 06:14:07.0]]
2020-07-20 13:18:23.380  INFO 9292 --- [http-nio-8080-exec-4] ReservationServiceImpl.class             : Generating the Iternary
2020-07-20 13:18:23.380  INFO 9292 --- [http-nio-8080-exec-4] EmailUtil.class                          : generateIternary()
2020-07-20 13:18:23.475  INFO 9292 --- [http-nio-8080-exec-4] ReservationServiceImpl.class             : Emaiing the Iternary
2020-07-20 13:18:23.475  INFO 9292 --- [http-nio-8080-exec-4] EmailUtil.class                          : Inside sendIternary
2020-07-20 13:18:49.852  INFO 9292 --- [http-nio-8080-exec-6] ReservationController.class              : Inside completeReservation()
2020-07-20 13:18:49.853  INFO 9292 --- [http-nio-8080-exec-6] ReservationServiceImpl.class             : Inside bookFlight()
2020-07-20 13:18:49.853  INFO 9292 --- [http-nio-8080-exec-6] ReservationServiceImpl.class             : fetching flight for flight id 3
2020-07-20 13:18:49.859  INFO 9292 --- [http-nio-8080-exec-6] ReservationServiceImpl.class             : Saving the passenger: Passenger [firstName=Kripa, lastName=Thapa, middleName=null, email=tpurpose960@gmail.com, phone=null]
2020-07-20 13:18:50.200  INFO 9292 --- [http-nio-8080-exec-6] ReservationServiceImpl.class             : Saving the Reservation: Reservation [checkedIn=false, numberOfBags=0, passenger=Passenger [firstName=Kripa, lastName=Thapa, middleName=null, email=tpurpose960@gmail.com, phone=null], flight=Flight [flightNumber=AA3, operatingAirlines=American Airlines, departureCity=AUS, arrivalCity=NYC, dateOfDeparture=2018-02-05 00:00:00.0, estimatedDepartureTime=2018-02-05 06:14:07.0]]
2020-07-20 13:18:50.681  INFO 9292 --- [http-nio-8080-exec-6] ReservationServiceImpl.class             : Generating the Iternary
2020-07-20 13:18:50.682  INFO 9292 --- [http-nio-8080-exec-6] EmailUtil.class                          : generateIternary()
2020-07-20 13:18:50.691  INFO 9292 --- [http-nio-8080-exec-6] ReservationServiceImpl.class             : Emaiing the Iternary
2020-07-20 13:18:50.691  INFO 9292 --- [http-nio-8080-exec-6] EmailUtil.class                          : Inside sendIternary
